{"/Users/alekseigolov/AquaProjects/calc-ts-jest-template-home/src/base-class.ts": {"path":"/Users/alekseigolov/AquaProjects/calc-ts-jest-template-home/src/base-class.ts","statementMap":{"0":{"start":{"line":17,"column":4},"end":{"line":17,"column":null}},"1":{"start":{"line":18,"column":4},"end":{"line":18,"column":null}},"2":{"start":{"line":19,"column":4},"end":{"line":19,"column":null}},"3":{"start":{"line":20,"column":4},"end":{"line":20,"column":null}},"4":{"start":{"line":21,"column":4},"end":{"line":21,"column":null}},"5":{"start":{"line":22,"column":4},"end":{"line":22,"column":null}},"6":{"start":{"line":1,"column":0},"end":{"line":1,"column":13}}},"fnMap":{"0":{"name":"(anonymous_0)","decl":{"start":{"line":9,"column":2},"end":{"line":9,"column":null}},"loc":{"start":{"line":15,"column":19},"end":{"line":23,"column":3}}}},"branchMap":{},"s":{"0":12,"1":12,"2":12,"3":12,"4":12,"5":12,"6":2},"f":{"0":12},"b":{}}
,"/Users/alekseigolov/AquaProjects/calc-ts-jest-template-home/src/base-contract.ts": {"path":"/Users/alekseigolov/AquaProjects/calc-ts-jest-template-home/src/base-contract.ts","statementMap":{"0":{"start":{"line":5,"column":4},"end":{"line":5,"column":null}},"1":{"start":{"line":1,"column":0},"end":{"line":1,"column":13}}},"fnMap":{"0":{"name":"(anonymous_0)","decl":{"start":{"line":4,"column":2},"end":{"line":4,"column":14}},"loc":{"start":{"line":4,"column":27},"end":{"line":6,"column":3}}}},"branchMap":{},"s":{"0":4,"1":1},"f":{"0":4},"b":{}}
,"/Users/alekseigolov/AquaProjects/calc-ts-jest-template-home/src/contract-est.ts": {"path":"/Users/alekseigolov/AquaProjects/calc-ts-jest-template-home/src/contract-est.ts","statementMap":{"0":{"start":{"line":1,"column":0},"end":{"line":1,"column":46}},"1":{"start":{"line":8,"column":4},"end":{"line":8,"column":null}},"2":{"start":{"line":9,"column":4},"end":{"line":9,"column":null}},"3":{"start":{"line":13,"column":4},"end":{"line":13,"column":47}},"4":{"start":{"line":4,"column":0},"end":{"line":4,"column":13}}},"fnMap":{"0":{"name":"(anonymous_0)","decl":{"start":{"line":7,"column":2},"end":{"line":7,"column":14}},"loc":{"start":{"line":7,"column":27},"end":{"line":10,"column":3}}},"1":{"name":"(anonymous_1)","decl":{"start":{"line":12,"column":2},"end":{"line":12,"column":9}},"loc":{"start":{"line":12,"column":28},"end":{"line":14,"column":3}}}},"branchMap":{},"s":{"0":1,"1":2,"2":2,"3":2,"4":1},"f":{"0":2,"1":2},"b":{}}
,"/Users/alekseigolov/AquaProjects/calc-ts-jest-template-home/src/contract-lat.ts": {"path":"/Users/alekseigolov/AquaProjects/calc-ts-jest-template-home/src/contract-lat.ts","statementMap":{"0":{"start":{"line":1,"column":0},"end":{"line":1,"column":46}},"1":{"start":{"line":8,"column":4},"end":{"line":8,"column":null}},"2":{"start":{"line":9,"column":4},"end":{"line":9,"column":null}},"3":{"start":{"line":13,"column":4},"end":{"line":13,"column":52}},"4":{"start":{"line":4,"column":0},"end":{"line":4,"column":13}}},"fnMap":{"0":{"name":"(anonymous_0)","decl":{"start":{"line":7,"column":2},"end":{"line":7,"column":14}},"loc":{"start":{"line":7,"column":27},"end":{"line":10,"column":3}}},"1":{"name":"(anonymous_1)","decl":{"start":{"line":12,"column":2},"end":{"line":12,"column":9}},"loc":{"start":{"line":12,"column":27},"end":{"line":14,"column":3}}}},"branchMap":{},"s":{"0":1,"1":2,"2":2,"3":2,"4":1},"f":{"0":2,"1":2},"b":{}}
,"/Users/alekseigolov/AquaProjects/calc-ts-jest-template-home/src/idGenerator.ts": {"path":"/Users/alekseigolov/AquaProjects/calc-ts-jest-template-home/src/idGenerator.ts","statementMap":{"0":{"start":{"line":1,"column":0},"end":{"line":1,"column":16}},"1":{"start":{"line":6,"column":0},"end":{"line":6,"column":16}},"2":{"start":{"line":11,"column":0},"end":{"line":11,"column":16}},"3":{"start":{"line":2,"column":23},"end":{"line":2,"column":62}},"4":{"start":{"line":3,"column":2},"end":{"line":3,"column":null}},"5":{"start":{"line":7,"column":23},"end":{"line":7,"column":62}},"6":{"start":{"line":8,"column":2},"end":{"line":8,"column":null}},"7":{"start":{"line":12,"column":23},"end":{"line":12,"column":62}},"8":{"start":{"line":13,"column":2},"end":{"line":13,"column":null}}},"fnMap":{"0":{"name":"generateEstoniaId","decl":{"start":{"line":1,"column":16},"end":{"line":1,"column":33}},"loc":{"start":{"line":1,"column":33},"end":{"line":4,"column":1}}},"1":{"name":"generateLatviaId","decl":{"start":{"line":6,"column":16},"end":{"line":6,"column":32}},"loc":{"start":{"line":6,"column":32},"end":{"line":9,"column":1}}},"2":{"name":"generateLithuaniaId","decl":{"start":{"line":11,"column":16},"end":{"line":11,"column":35}},"loc":{"start":{"line":11,"column":35},"end":{"line":14,"column":1}}}},"branchMap":{},"s":{"0":1,"1":1,"2":1,"3":3,"4":3,"5":3,"6":3,"7":3,"8":3},"f":{"0":3,"1":3,"2":3},"b":{}}
,"/Users/alekseigolov/AquaProjects/calc-ts-jest-template-home/src/kyc-verification.ts": {"path":"/Users/alekseigolov/AquaProjects/calc-ts-jest-template-home/src/kyc-verification.ts","statementMap":{"0":{"start":{"line":6,"column":4},"end":{"line":10,"column":5}},"1":{"start":{"line":7,"column":6},"end":{"line":7,"column":null}},"2":{"start":{"line":9,"column":6},"end":{"line":9,"column":null}},"3":{"start":{"line":13,"column":4},"end":{"line":17,"column":5}},"4":{"start":{"line":14,"column":6},"end":{"line":14,"column":null}},"5":{"start":{"line":16,"column":6},"end":{"line":16,"column":null}},"6":{"start":{"line":4,"column":0},"end":{"line":4,"column":13}}},"fnMap":{"0":{"name":"(anonymous_0)","decl":{"start":{"line":5,"column":2},"end":{"line":5,"column":28}},"loc":{"start":{"line":5,"column":47},"end":{"line":11,"column":3}}},"1":{"name":"(anonymous_1)","decl":{"start":{"line":12,"column":2},"end":{"line":12,"column":28}},"loc":{"start":{"line":12,"column":46},"end":{"line":18,"column":3}}}},"branchMap":{"0":{"loc":{"start":{"line":6,"column":4},"end":{"line":10,"column":5}},"type":"if","locations":[{"start":{"line":6,"column":4},"end":{"line":10,"column":5}},{"start":{"line":8,"column":11},"end":{"line":10,"column":5}}]},"1":{"loc":{"start":{"line":13,"column":4},"end":{"line":17,"column":5}},"type":"if","locations":[{"start":{"line":13,"column":4},"end":{"line":17,"column":5}},{"start":{"line":15,"column":11},"end":{"line":17,"column":5}}]}},"s":{"0":3,"1":1,"2":2,"3":3,"4":1,"5":2,"6":1},"f":{"0":3,"1":3},"b":{"0":[1,2],"1":[1,2]}}
,"/Users/alekseigolov/AquaProjects/calc-ts-jest-template-home/src/processor.ts": {"path":"/Users/alekseigolov/AquaProjects/calc-ts-jest-template-home/src/processor.ts","statementMap":{"0":{"start":{"line":5,"column":4},"end":{"line":5,"column":null}},"1":{"start":{"line":8,"column":4},"end":{"line":8,"column":null}},"2":{"start":{"line":11,"column":4},"end":{"line":11,"column":null}},"3":{"start":{"line":14,"column":4},"end":{"line":14,"column":null}},"4":{"start":{"line":3,"column":0},"end":{"line":3,"column":13}}},"fnMap":{"0":{"name":"(anonymous_0)","decl":{"start":{"line":4,"column":2},"end":{"line":4,"column":13}},"loc":{"start":{"line":4,"column":24},"end":{"line":6,"column":3}}},"1":{"name":"(anonymous_1)","decl":{"start":{"line":7,"column":2},"end":{"line":7,"column":14}},"loc":{"start":{"line":7,"column":25},"end":{"line":9,"column":3}}},"2":{"name":"(anonymous_2)","decl":{"start":{"line":10,"column":2},"end":{"line":10,"column":14}},"loc":{"start":{"line":10,"column":25},"end":{"line":12,"column":3}}},"3":{"name":"(anonymous_3)","decl":{"start":{"line":13,"column":2},"end":{"line":13,"column":15}},"loc":{"start":{"line":13,"column":26},"end":{"line":15,"column":3}}}},"branchMap":{"0":{"loc":{"start":{"line":11,"column":11},"end":{"line":11,"column":50}},"type":"binary-expr","locations":[{"start":{"line":11,"column":11},"end":{"line":11,"column":33}},{"start":{"line":11,"column":37},"end":{"line":11,"column":50}}]}},"s":{"0":2,"1":1,"2":2,"3":1,"4":1},"f":{"0":2,"1":1,"2":2,"3":1},"b":{"0":[2,2]}}
,"/Users/alekseigolov/AquaProjects/calc-ts-jest-template-home/src/user-estonian.ts": {"path":"/Users/alekseigolov/AquaProjects/calc-ts-jest-template-home/src/user-estonian.ts","statementMap":{"0":{"start":{"line":1,"column":0},"end":{"line":1,"column":45}},"1":{"start":{"line":14,"column":4},"end":{"line":14,"column":null}},"2":{"start":{"line":15,"column":4},"end":{"line":15,"column":null}},"3":{"start":{"line":3,"column":0},"end":{"line":3,"column":13}}},"fnMap":{"0":{"name":"(anonymous_0)","decl":{"start":{"line":6,"column":2},"end":{"line":6,"column":null}},"loc":{"start":{"line":12,"column":19},"end":{"line":16,"column":3}}}},"branchMap":{},"s":{"0":2,"1":6,"2":6,"3":2},"f":{"0":6},"b":{}}
,"/Users/alekseigolov/AquaProjects/calc-ts-jest-template-home/src/user-latvian.ts": {"path":"/Users/alekseigolov/AquaProjects/calc-ts-jest-template-home/src/user-latvian.ts","statementMap":{"0":{"start":{"line":1,"column":0},"end":{"line":1,"column":45}},"1":{"start":{"line":14,"column":4},"end":{"line":14,"column":null}},"2":{"start":{"line":15,"column":4},"end":{"line":15,"column":null}},"3":{"start":{"line":3,"column":0},"end":{"line":3,"column":13}}},"fnMap":{"0":{"name":"(anonymous_0)","decl":{"start":{"line":6,"column":2},"end":{"line":6,"column":null}},"loc":{"start":{"line":12,"column":19},"end":{"line":16,"column":3}}}},"branchMap":{},"s":{"0":2,"1":6,"2":6,"3":2},"f":{"0":6},"b":{}}
,"/Users/alekseigolov/AquaProjects/calc-ts-jest-template-home/src/user.ts": {"path":"/Users/alekseigolov/AquaProjects/calc-ts-jest-template-home/src/user.ts","statementMap":{"0":{"start":{"line":10,"column":4},"end":{"line":10,"column":null}},"1":{"start":{"line":11,"column":4},"end":{"line":11,"column":null}},"2":{"start":{"line":12,"column":4},"end":{"line":12,"column":null}},"3":{"start":{"line":13,"column":4},"end":{"line":13,"column":null}},"4":{"start":{"line":14,"column":4},"end":{"line":14,"column":null}},"5":{"start":{"line":1,"column":0},"end":{"line":1,"column":13}}},"fnMap":{"0":{"name":"(anonymous_0)","decl":{"start":{"line":9,"column":2},"end":{"line":9,"column":14}},"loc":{"start":{"line":9,"column":88},"end":{"line":15,"column":3}}}},"branchMap":{},"s":{"0":6,"1":6,"2":6,"3":6,"4":6,"5":1},"f":{"0":6},"b":{}}
}
